<?xml version="1.0" encoding="UTF-8"?>
<robot generator="Robot 7.4.1 (Python 3.13.9 on darwin)" generated="2026-01-11T01:54:50.368669" rpa="false" schemaversion="5">
<suite id="s1" name="Tests" source="/Users/fatamaalzahraa.abdo/Task/OrangeHRM_Robot/tests">
<suite id="s1-s1" name="Admin" source="/Users/fatamaalzahraa.abdo/Task/OrangeHRM_Robot/tests/admin.robot">
<test id="s1-s1-t1" name="Create System User And Login" line="8">
<kw name="Open App" owner="Common" type="SETUP">
<kw name="Open Browser" owner="SeleniumLibrary">
<msg time="2026-01-11T01:54:50.705855" level="INFO">Opening browser 'chrome' to base url 'https://opensource-demo.orangehrmlive.com/'.</msg>
<arg>${URL}</arg>
<arg>${BROWSER}</arg>
<doc>Opens a new browser instance to the optional ``url``.</doc>
<status status="PASS" start="2026-01-11T01:54:50.705565" elapsed="5.374220"/>
</kw>
<kw name="Maximize Browser Window" owner="SeleniumLibrary">
<doc>Maximizes current browser window.</doc>
<status status="PASS" start="2026-01-11T01:54:56.080269" elapsed="0.383574"/>
</kw>
<status status="PASS" start="2026-01-11T01:54:50.704778" elapsed="5.759294"/>
</kw>
<kw name="Login" owner="LoginPage">
<kw name="Wait Until Element Is Visible" owner="SeleniumLibrary">
<arg>name=username</arg>
<arg>10</arg>
<doc>Waits until the element ``locator`` is visible.</doc>
<status status="PASS" start="2026-01-11T01:54:56.465180" elapsed="0.659361"/>
</kw>
<kw name="Input Text" owner="SeleniumLibrary">
<msg time="2026-01-11T01:54:57.125095" level="INFO">Typing text 'Admin' into text field 'name=username'.</msg>
<arg>name=username</arg>
<arg>${USERNAME}</arg>
<doc>Types the given ``text`` into the text field identified by ``locator``.</doc>
<status status="PASS" start="2026-01-11T01:54:57.124777" elapsed="0.175581"/>
</kw>
<kw name="Input Text" owner="SeleniumLibrary">
<msg time="2026-01-11T01:54:57.300818" level="INFO">Typing text 'admin123' into text field 'name=password'.</msg>
<arg>name=password</arg>
<arg>${PASSWORD}</arg>
<doc>Types the given ``text`` into the text field identified by ``locator``.</doc>
<status status="PASS" start="2026-01-11T01:54:57.300556" elapsed="0.083083"/>
</kw>
<kw name="Click Button" owner="SeleniumLibrary">
<msg time="2026-01-11T01:54:57.384124" level="INFO">Clicking button 'xpath=//button[@type='submit']'.</msg>
<arg>xpath=//button[@type='submit']</arg>
<doc>Clicks the button identified by ``locator``.</doc>
<status status="PASS" start="2026-01-11T01:54:57.383880" elapsed="1.891412"/>
</kw>
<arg>${ADMIN}</arg>
<arg>${PASS}</arg>
<status status="PASS" start="2026-01-11T01:54:56.464620" elapsed="2.811038"/>
</kw>
<kw name="Verify Login Successful" owner="LoginPage">
<kw name="Wait Until Element Is Visible" owner="SeleniumLibrary">
<arg>xpath=//span[text()='Dashboard']</arg>
<arg>10</arg>
<doc>Waits until the element ``locator`` is visible.</doc>
<status status="PASS" start="2026-01-11T01:54:59.276530" elapsed="0.865416"/>
</kw>
<kw name="Page Should Contain" owner="SeleniumLibrary">
<msg time="2026-01-11T01:55:00.156011" level="INFO">Current page contains text 'Dashboard'.</msg>
<arg>Dashboard</arg>
<doc>Verifies that current page contains ``text``.</doc>
<status status="PASS" start="2026-01-11T01:55:00.142223" elapsed="0.013900"/>
</kw>
<status status="PASS" start="2026-01-11T01:54:59.275994" elapsed="0.880243"/>
</kw>
<kw name="Navigate To Admin Module" owner="AdminPage">
<kw name="Click Element" owner="SeleniumLibrary">
<msg time="2026-01-11T01:55:00.157123" level="INFO">Clicking element 'xpath=//span[normalize-space()='Admin']'.</msg>
<arg>xpath=//span[normalize-space()='Admin']</arg>
<doc>Click the element identified by ``locator``.</doc>
<status status="PASS" start="2026-01-11T01:55:00.156899" elapsed="2.817682"/>
</kw>
<kw name="Wait Until Location Contains" owner="SeleniumLibrary">
<arg>/admin/viewSystemUsers</arg>
<arg>10s</arg>
<doc>Waits until the current URL contains ``expected``.</doc>
<status status="PASS" start="2026-01-11T01:55:02.974793" elapsed="0.005149"/>
</kw>
<kw name="Click Button By Text" owner="Common">
<kw name="Wait Until Element Is Visible" owner="SeleniumLibrary">
<arg>xpath=//button[normalize-space()='${BUTTON_NAME}']</arg>
<arg>${TIMEOUT}</arg>
<doc>Waits until the element ``locator`` is visible.</doc>
<status status="PASS" start="2026-01-11T01:55:02.980613" elapsed="0.649736"/>
</kw>
<kw name="Click Element" owner="SeleniumLibrary">
<msg time="2026-01-11T01:55:03.630851" level="INFO">Clicking element 'xpath=//button[normalize-space()='Add']'.</msg>
<arg>xpath=//button[normalize-space()='${BUTTON_NAME}']</arg>
<doc>Click the element identified by ``locator``.</doc>
<status status="PASS" start="2026-01-11T01:55:03.630557" elapsed="0.837724"/>
</kw>
<arg>${ADD_BUTTON}</arg>
<status status="PASS" start="2026-01-11T01:55:02.980211" elapsed="1.488198"/>
</kw>
<status status="PASS" start="2026-01-11T01:55:00.156527" elapsed="4.311968"/>
</kw>
<kw name="Generate Unique Username" owner="Common">
<kw name="Generate Random String" owner="String">
<msg time="2026-01-11T01:55:04.469545" level="INFO">${RANDOM} = HwMli</msg>
<var>${RANDOM}</var>
<arg>5</arg>
<arg>[LETTERS][NUMBERS]</arg>
<doc>Generates a string with a desired ``length`` from the given ``chars``.</doc>
<status status="PASS" start="2026-01-11T01:55:04.469131" elapsed="0.000457"/>
</kw>
<kw name="Set Variable" owner="BuiltIn">
<msg time="2026-01-11T01:55:04.470341" level="INFO">${USERNAME} = user_HwMli</msg>
<var>${USERNAME}</var>
<arg>${USERNAME_PREFIX}${RANDOM}</arg>
<doc>Returns the given values which can then be assigned to a variables.</doc>
<status status="PASS" start="2026-01-11T01:55:04.469757" elapsed="0.000629"/>
</kw>
<return>
<value>${USERNAME}</value>
<status status="PASS" start="2026-01-11T01:55:04.470482" elapsed="0.000119"/>
</return>
<msg time="2026-01-11T01:55:04.470795" level="INFO">${NEW_USERNAME} = user_HwMli</msg>
<var>${NEW_USERNAME}</var>
<status status="PASS" start="2026-01-11T01:55:04.468811" elapsed="0.002022"/>
</kw>
<kw name="Create New System User" owner="AdminPage">
<kw name="Wait Until Element Is Visible" owner="SeleniumLibrary">
<arg>xpath=//h6[normalize-space()='Add User']</arg>
<arg>10s</arg>
<doc>Waits until the element ``locator`` is visible.</doc>
<status status="PASS" start="2026-01-11T01:55:04.471660" elapsed="0.864918"/>
</kw>
<kw name="Click Element" owner="SeleniumLibrary">
<msg time="2026-01-11T01:55:05.337007" level="INFO">Clicking element 'xpath=//label[normalize-space()='User Role']/following::div[contains(@class,'oxd-select-text')][1]'.</msg>
<arg>xpath=//label[normalize-space()='User Role']/following::div[contains(@class,'oxd-select-text')][1]</arg>
<doc>Click the element identified by ``locator``.</doc>
<status status="PASS" start="2026-01-11T01:55:05.336780" elapsed="0.049626"/>
</kw>
<kw name="Select From Listbox" owner="Common">
<kw name="Wait Until Element Is Visible" owner="SeleniumLibrary">
<arg>xpath=//div[@role='option' and normalize-space()='${OPTION_TEXT}']</arg>
<arg>${TIMEOUT}</arg>
<doc>Waits until the element ``locator`` is visible.</doc>
<status status="PASS" start="2026-01-11T01:55:05.386935" elapsed="0.015854"/>
</kw>
<kw name="Click Element" owner="SeleniumLibrary">
<msg time="2026-01-11T01:55:05.403244" level="INFO">Clicking element 'xpath=//div[@role='option' and normalize-space()='ESS']'.</msg>
<arg>xpath=//div[@role='option' and normalize-space()='${OPTION_TEXT}']</arg>
<doc>Click the element identified by ``locator``.</doc>
<status status="PASS" start="2026-01-11T01:55:05.402980" elapsed="0.043528"/>
</kw>
<arg>${USER_ROLE}</arg>
<status status="PASS" start="2026-01-11T01:55:05.386612" elapsed="0.059998"/>
</kw>
<kw name="Input Text" owner="SeleniumLibrary">
<msg time="2026-01-11T01:55:05.446956" level="INFO">Typing text 'Amelia' into text field 'xpath=//input[@placeholder='Type for hints...']'.</msg>
<arg>xpath=//input[@placeholder='Type for hints...']</arg>
<arg>${SEARCH_HINT}</arg>
<doc>Types the given ``text`` into the text field identified by ``locator``.</doc>
<status status="PASS" start="2026-01-11T01:55:05.446744" elapsed="0.072651"/>
</kw>
<kw name="Select From Listbox" owner="Common">
<kw name="Wait Until Element Is Visible" owner="SeleniumLibrary">
<arg>xpath=//div[@role='option' and normalize-space()='${OPTION_TEXT}']</arg>
<arg>${TIMEOUT}</arg>
<doc>Waits until the element ``locator`` is visible.</doc>
<status status="PASS" start="2026-01-11T01:55:05.520151" elapsed="1.492031"/>
</kw>
<kw name="Click Element" owner="SeleniumLibrary">
<msg time="2026-01-11T01:55:07.012680" level="INFO">Clicking element 'xpath=//div[@role='option' and normalize-space()='Amelia Brown']'.</msg>
<arg>xpath=//div[@role='option' and normalize-space()='${OPTION_TEXT}']</arg>
<doc>Click the element identified by ``locator``.</doc>
<status status="PASS" start="2026-01-11T01:55:07.012392" elapsed="0.045623"/>
</kw>
<arg>${HIRING_MANAGER}</arg>
<status status="PASS" start="2026-01-11T01:55:05.519643" elapsed="1.538492"/>
</kw>
<kw name="Click Element" owner="SeleniumLibrary">
<msg time="2026-01-11T01:55:07.058482" level="INFO">Clicking element 'xpath=//label[normalize-space()='Status']/following::div[contains(@class,'oxd-select-text')][1]'.</msg>
<arg>xpath=//label[normalize-space()='Status']/following::div[contains(@class,'oxd-select-text')][1]</arg>
<doc>Click the element identified by ``locator``.</doc>
<status status="PASS" start="2026-01-11T01:55:07.058286" elapsed="0.068042"/>
</kw>
<kw name="Select From Listbox" owner="Common">
<kw name="Wait Until Element Is Visible" owner="SeleniumLibrary">
<arg>xpath=//div[@role='option' and normalize-space()='${OPTION_TEXT}']</arg>
<arg>${TIMEOUT}</arg>
<doc>Waits until the element ``locator`` is visible.</doc>
<status status="PASS" start="2026-01-11T01:55:07.126930" elapsed="0.014799"/>
</kw>
<kw name="Click Element" owner="SeleniumLibrary">
<msg time="2026-01-11T01:55:07.142186" level="INFO">Clicking element 'xpath=//div[@role='option' and normalize-space()='Enabled']'.</msg>
<arg>xpath=//div[@role='option' and normalize-space()='${OPTION_TEXT}']</arg>
<doc>Click the element identified by ``locator``.</doc>
<status status="PASS" start="2026-01-11T01:55:07.141918" elapsed="0.046276"/>
</kw>
<arg>${STATUS_ENABLED}</arg>
<status status="PASS" start="2026-01-11T01:55:07.126562" elapsed="0.061753"/>
</kw>
<kw name="Input Text" owner="SeleniumLibrary">
<msg time="2026-01-11T01:55:07.188726" level="INFO">Typing text 'user_HwMli' into text field 'xpath=//label[normalize-space()='Username']/following::input[1]'.</msg>
<arg>xpath=//label[normalize-space()='Username']/following::input[1]</arg>
<arg>${NEW_USERNAME}</arg>
<doc>Types the given ``text`` into the text field identified by ``locator``.</doc>
<status status="PASS" start="2026-01-11T01:55:07.188468" elapsed="0.078535"/>
</kw>
<kw name="Input Text" owner="SeleniumLibrary">
<msg time="2026-01-11T01:55:07.267532" level="INFO">Typing text 'Password123!' into text field 'xpath=//label[normalize-space()='Password']/following::input[1]'.</msg>
<arg>xpath=//label[normalize-space()='Password']/following::input[1]</arg>
<arg>${NEW_PASSWORD}</arg>
<doc>Types the given ``text`` into the text field identified by ``locator``.</doc>
<status status="PASS" start="2026-01-11T01:55:07.267214" elapsed="0.080258"/>
</kw>
<kw name="Input Text" owner="SeleniumLibrary">
<msg time="2026-01-11T01:55:07.347935" level="INFO">Typing text 'Password123!' into text field 'xpath=//label[normalize-space()='Confirm Password']/following::input[1]'.</msg>
<arg>xpath=//label[normalize-space()='Confirm Password']/following::input[1]</arg>
<arg>${NEW_PASSWORD}</arg>
<doc>Types the given ``text`` into the text field identified by ``locator``.</doc>
<status status="PASS" start="2026-01-11T01:55:07.347670" elapsed="0.068875"/>
</kw>
<kw name="Click Button By Text" owner="Common">
<kw name="Wait Until Element Is Visible" owner="SeleniumLibrary">
<arg>xpath=//button[normalize-space()='${BUTTON_NAME}']</arg>
<arg>${TIMEOUT}</arg>
<doc>Waits until the element ``locator`` is visible.</doc>
<status status="PASS" start="2026-01-11T01:55:07.417155" elapsed="0.014978"/>
</kw>
<kw name="Click Element" owner="SeleniumLibrary">
<msg time="2026-01-11T01:55:07.432587" level="INFO">Clicking element 'xpath=//button[normalize-space()='Save']'.</msg>
<arg>xpath=//button[normalize-space()='${BUTTON_NAME}']</arg>
<doc>Click the element identified by ``locator``.</doc>
<status status="PASS" start="2026-01-11T01:55:07.432325" elapsed="0.042218"/>
</kw>
<arg>${SAVE_BUTTON}</arg>
<status status="PASS" start="2026-01-11T01:55:07.416786" elapsed="0.057859"/>
</kw>
<kw name="Wait Until Location Contains" owner="SeleniumLibrary">
<arg>/admin/viewSystemUsers</arg>
<arg>10</arg>
<doc>Waits until the current URL contains ``expected``.</doc>
<status status="PASS" start="2026-01-11T01:55:07.474780" elapsed="5.496699"/>
</kw>
<kw name="Get Location" owner="SeleniumLibrary">
<msg time="2026-01-11T01:55:12.975744" level="INFO">${CURRENT_URL} = https://opensource-demo.orangehrmlive.com/web/index.php/admin/viewSystemUsers</msg>
<var>${CURRENT_URL}</var>
<doc>Returns the current browser window URL.</doc>
<status status="PASS" start="2026-01-11T01:55:12.971699" elapsed="0.004097"/>
</kw>
<kw name="Should Match Regexp" owner="BuiltIn">
<arg>${CURRENT_URL}</arg>
<arg>.*/admin/viewSystemUsers</arg>
<doc>Fails if ``string`` does not match ``pattern`` as a regular expression.</doc>
<status status="PASS" start="2026-01-11T01:55:12.975999" elapsed="0.000539"/>
</kw>
<arg>${USER_ROLE_ADMIN}</arg>
<arg>${SEARCH_HINT}</arg>
<arg>${HIRING_MANAGER}</arg>
<arg>${NEW_PASSWORD}</arg>
<arg>${NEW_USERNAME}</arg>
<status status="PASS" start="2026-01-11T01:55:04.471156" elapsed="8.505488"/>
</kw>
<kw name="Logout" owner="AdminPage">
<kw name="Wait Until Element Is Visible" owner="SeleniumLibrary">
<arg>xpath=//i[@class='oxd-icon bi-caret-down-fill oxd-userdropdown-icon']</arg>
<arg>10s</arg>
<doc>Waits until the element ``locator`` is visible.</doc>
<status status="PASS" start="2026-01-11T01:55:12.977213" elapsed="0.862328"/>
</kw>
<kw name="Click Element" owner="SeleniumLibrary">
<msg time="2026-01-11T01:55:13.839981" level="INFO">Clicking element 'xpath=//i[@class='oxd-icon bi-caret-down-fill oxd-userdropdown-icon']'.</msg>
<arg>xpath=//i[@class='oxd-icon bi-caret-down-fill oxd-userdropdown-icon']</arg>
<doc>Click the element identified by ``locator``.</doc>
<status status="PASS" start="2026-01-11T01:55:13.839751" elapsed="0.049718"/>
</kw>
<kw name="Click Element" owner="SeleniumLibrary">
<msg time="2026-01-11T01:55:13.889869" level="INFO">Clicking element 'xpath=//a[normalize-space()='Logout']'.</msg>
<arg>xpath=//a[normalize-space()='Logout']</arg>
<doc>Click the element identified by ``locator``.</doc>
<status status="PASS" start="2026-01-11T01:55:13.889657" elapsed="1.240796"/>
</kw>
<kw name="Wait Until Location Contains" owner="SeleniumLibrary">
<arg>/auth/login</arg>
<arg>10s</arg>
<doc>Waits until the current URL contains ``expected``.</doc>
<status status="PASS" start="2026-01-11T01:55:15.130700" elapsed="0.003849"/>
</kw>
<status status="PASS" start="2026-01-11T01:55:12.976924" elapsed="2.157737"/>
</kw>
<kw name="Login" owner="LoginPage">
<kw name="Wait Until Element Is Visible" owner="SeleniumLibrary">
<arg>name=username</arg>
<arg>10</arg>
<doc>Waits until the element ``locator`` is visible.</doc>
<status status="PASS" start="2026-01-11T01:55:15.135369" elapsed="0.652638"/>
</kw>
<kw name="Input Text" owner="SeleniumLibrary">
<msg time="2026-01-11T01:55:15.788488" level="INFO">Typing text 'user_HwMli' into text field 'name=username'.</msg>
<arg>name=username</arg>
<arg>${USERNAME}</arg>
<doc>Types the given ``text`` into the text field identified by ``locator``.</doc>
<status status="PASS" start="2026-01-11T01:55:15.788212" elapsed="0.052658"/>
</kw>
<kw name="Input Text" owner="SeleniumLibrary">
<msg time="2026-01-11T01:55:15.841308" level="INFO">Typing text 'Password123!' into text field 'name=password'.</msg>
<arg>name=password</arg>
<arg>${PASSWORD}</arg>
<doc>Types the given ``text`` into the text field identified by ``locator``.</doc>
<status status="PASS" start="2026-01-11T01:55:15.841059" elapsed="0.104840"/>
</kw>
<kw name="Click Button" owner="SeleniumLibrary">
<msg time="2026-01-11T01:55:15.946347" level="INFO">Clicking button 'xpath=//button[@type='submit']'.</msg>
<arg>xpath=//button[@type='submit']</arg>
<doc>Clicks the button identified by ``locator``.</doc>
<status status="PASS" start="2026-01-11T01:55:15.946110" elapsed="2.049362"/>
</kw>
<arg>${NEW_USERNAME}</arg>
<arg>${NEW_PASSWORD}</arg>
<status status="PASS" start="2026-01-11T01:55:15.134973" elapsed="2.860866"/>
</kw>
<kw name="Verify Login Successful" owner="LoginPage">
<kw name="Wait Until Element Is Visible" owner="SeleniumLibrary">
<arg>xpath=//span[text()='Dashboard']</arg>
<arg>10</arg>
<doc>Waits until the element ``locator`` is visible.</doc>
<status status="PASS" start="2026-01-11T01:55:17.996443" elapsed="0.849935"/>
</kw>
<kw name="Page Should Contain" owner="SeleniumLibrary">
<msg time="2026-01-11T01:55:18.855843" level="INFO">Current page contains text 'Dashboard'.</msg>
<arg>Dashboard</arg>
<doc>Verifies that current page contains ``text``.</doc>
<status status="PASS" start="2026-01-11T01:55:18.846564" elapsed="0.009417"/>
</kw>
<status status="PASS" start="2026-01-11T01:55:17.996129" elapsed="0.859969"/>
</kw>
<kw name="Close App" owner="Common" type="TEARDOWN">
<kw name="Close Browser" owner="SeleniumLibrary">
<doc>Closes the current browser.</doc>
<status status="PASS" start="2026-01-11T01:55:18.856867" elapsed="0.414012"/>
</kw>
<status status="PASS" start="2026-01-11T01:55:18.856529" elapsed="0.414536"/>
</kw>
<tag>smoke</tag>
<status status="PASS" start="2026-01-11T01:54:50.704028" elapsed="28.567178"/>
</test>
<status status="PASS" start="2026-01-11T01:54:50.411763" elapsed="28.860099"/>
</suite>
<suite id="s1-s2" name="Pim" source="/Users/fatamaalzahraa.abdo/Task/OrangeHRM_Robot/tests/pim.robot">
<test id="s1-s2-t1" name="Create Employee Test" line="8">
<kw name="Open App" owner="Common" type="SETUP">
<kw name="Open Browser" owner="SeleniumLibrary">
<msg time="2026-01-11T01:55:19.283134" level="INFO">Opening browser 'chrome' to base url 'https://opensource-demo.orangehrmlive.com/'.</msg>
<arg>${URL}</arg>
<arg>${BROWSER}</arg>
<doc>Opens a new browser instance to the optional ``url``.</doc>
<status status="PASS" start="2026-01-11T01:55:19.282858" elapsed="7.320771"/>
</kw>
<kw name="Maximize Browser Window" owner="SeleniumLibrary">
<doc>Maximizes current browser window.</doc>
<status status="PASS" start="2026-01-11T01:55:26.604095" elapsed="0.376616"/>
</kw>
<status status="PASS" start="2026-01-11T01:55:19.282538" elapsed="7.698365"/>
</kw>
<kw name="Login" owner="LoginPage">
<kw name="Wait Until Element Is Visible" owner="SeleniumLibrary">
<arg>name=username</arg>
<arg>10</arg>
<doc>Waits until the element ``locator`` is visible.</doc>
<status status="PASS" start="2026-01-11T01:55:26.981933" elapsed="0.647992"/>
</kw>
<kw name="Input Text" owner="SeleniumLibrary">
<msg time="2026-01-11T01:55:27.630414" level="INFO">Typing text 'Admin' into text field 'name=username'.</msg>
<arg>name=username</arg>
<arg>${USERNAME}</arg>
<doc>Types the given ``text`` into the text field identified by ``locator``.</doc>
<status status="PASS" start="2026-01-11T01:55:27.630139" elapsed="0.182305"/>
</kw>
<kw name="Input Text" owner="SeleniumLibrary">
<msg time="2026-01-11T01:55:27.812916" level="INFO">Typing text 'admin123' into text field 'name=password'.</msg>
<arg>name=password</arg>
<arg>${PASSWORD}</arg>
<doc>Types the given ``text`` into the text field identified by ``locator``.</doc>
<status status="PASS" start="2026-01-11T01:55:27.812649" elapsed="0.077043"/>
</kw>
<kw name="Click Button" owner="SeleniumLibrary">
<msg time="2026-01-11T01:55:27.890142" level="INFO">Clicking button 'xpath=//button[@type='submit']'.</msg>
<arg>xpath=//button[@type='submit']</arg>
<doc>Clicks the button identified by ``locator``.</doc>
<status status="PASS" start="2026-01-11T01:55:27.889913" elapsed="2.031410"/>
</kw>
<arg>${ADMIN}</arg>
<arg>${PASS}</arg>
<status status="PASS" start="2026-01-11T01:55:26.981383" elapsed="2.940062"/>
</kw>
<kw name="Verify Login Successful" owner="LoginPage">
<kw name="Wait Until Element Is Visible" owner="SeleniumLibrary">
<arg>xpath=//span[text()='Dashboard']</arg>
<arg>10</arg>
<doc>Waits until the element ``locator`` is visible.</doc>
<status status="PASS" start="2026-01-11T01:55:29.922032" elapsed="0.645732"/>
</kw>
<kw name="Page Should Contain" owner="SeleniumLibrary">
<msg time="2026-01-11T01:55:30.581341" level="INFO">Current page contains text 'Dashboard'.</msg>
<arg>Dashboard</arg>
<doc>Verifies that current page contains ``text``.</doc>
<status status="PASS" start="2026-01-11T01:55:30.567962" elapsed="0.013514"/>
</kw>
<status status="PASS" start="2026-01-11T01:55:29.921714" elapsed="0.659907"/>
</kw>
<kw name="Navigate To PIM Page" owner="PIMPage">
<kw name="Wait For Loader To Disappear" owner="Common">
<kw name="Wait Until Element Is Not Visible" owner="SeleniumLibrary">
<arg>css:.oxd-form-loader</arg>
<arg>10</arg>
<doc>Waits until the element ``locator`` is not visible.</doc>
<status status="PASS" start="2026-01-11T01:55:30.582764" elapsed="0.011067"/>
</kw>
<status status="PASS" start="2026-01-11T01:55:30.582387" elapsed="0.011570"/>
</kw>
<kw name="Wait Until Element Is Visible" owner="SeleniumLibrary">
<arg>xpath=//a[@href='/web/index.php/pim/viewPimModule']</arg>
<arg>10</arg>
<doc>Waits until the element ``locator`` is visible.</doc>
<status status="PASS" start="2026-01-11T01:55:30.594111" elapsed="0.016686"/>
</kw>
<kw name="Click Element" owner="SeleniumLibrary">
<msg time="2026-01-11T01:55:30.611233" level="INFO">Clicking element 'xpath=//a[@href='/web/index.php/pim/viewPimModule']'.</msg>
<arg>xpath=//a[@href='/web/index.php/pim/viewPimModule']</arg>
<doc>Click the element identified by ``locator``.</doc>
<status status="PASS" start="2026-01-11T01:55:30.611005" elapsed="2.345777"/>
</kw>
<kw name="Should See Page Title" owner="Common">
<kw name="Wait Until Element Is Visible" owner="SeleniumLibrary">
<arg>${LOCATOR}</arg>
<arg>${TIMEOUT}</arg>
<doc>Waits until the element ``locator`` is visible.</doc>
<status status="PASS" start="2026-01-11T01:55:32.957466" elapsed="0.864927"/>
</kw>
<kw name="Get Text" owner="SeleniumLibrary">
<msg time="2026-01-11T01:55:33.841243" level="INFO">${ACTUAL_TEXT} = PIM</msg>
<var>${ACTUAL_TEXT}</var>
<arg>${LOCATOR}</arg>
<doc>Returns the text value of the element identified by ``locator``.</doc>
<status status="PASS" start="2026-01-11T01:55:33.822610" elapsed="0.018687"/>
</kw>
<kw name="Should Be Equal" owner="BuiltIn">
<arg>${ACTUAL_TEXT}</arg>
<arg>${EXPECTED_TEXT}</arg>
<doc>Fails if the given objects are unequal.</doc>
<status status="PASS" start="2026-01-11T01:55:33.841506" elapsed="0.000570"/>
</kw>
<arg>xpath=//h6[text()='PIM']</arg>
<arg>PIM</arg>
<status status="PASS" start="2026-01-11T01:55:32.957045" elapsed="0.885128"/>
</kw>
<status status="PASS" start="2026-01-11T01:55:30.581962" elapsed="3.260292"/>
</kw>
<kw name="Add Employee" owner="PIMPage">
<kw name="Click Button By Text" owner="Common">
<kw name="Wait Until Element Is Visible" owner="SeleniumLibrary">
<arg>xpath=//button[normalize-space()='${BUTTON_NAME}']</arg>
<arg>${TIMEOUT}</arg>
<doc>Waits until the element ``locator`` is visible.</doc>
<status status="PASS" start="2026-01-11T01:55:33.843308" elapsed="0.015910"/>
</kw>
<kw name="Click Element" owner="SeleniumLibrary">
<msg time="2026-01-11T01:55:33.859687" level="INFO">Clicking element 'xpath=//button[normalize-space()='Add']'.</msg>
<arg>xpath=//button[normalize-space()='${BUTTON_NAME}']</arg>
<doc>Click the element identified by ``locator``.</doc>
<status status="PASS" start="2026-01-11T01:55:33.859412" elapsed="1.033860"/>
</kw>
<arg>${ADD_BUTTON}</arg>
<status status="PASS" start="2026-01-11T01:55:33.842977" elapsed="1.050430"/>
</kw>
<kw name="Wait Until Element Is Visible" owner="SeleniumLibrary">
<arg>name=firstName</arg>
<arg>10</arg>
<doc>Waits until the element ``locator`` is visible.</doc>
<status status="PASS" start="2026-01-11T01:55:34.893579" elapsed="0.655116"/>
</kw>
<kw name="Input Text" owner="SeleniumLibrary">
<msg time="2026-01-11T01:55:35.549164" level="INFO">Typing text 'John' into text field 'name=firstName'.</msg>
<arg>name=firstName</arg>
<arg>${FIRST_NAME}</arg>
<doc>Types the given ``text`` into the text field identified by ``locator``.</doc>
<status status="PASS" start="2026-01-11T01:55:35.548896" elapsed="0.107285"/>
</kw>
<kw name="Input Text" owner="SeleniumLibrary">
<msg time="2026-01-11T01:55:35.657293" level="INFO">Typing text 'A.' into text field 'name=middleName'.</msg>
<arg>name=middleName</arg>
<arg>${MIDDLE_NAME}</arg>
<doc>Types the given ``text`` into the text field identified by ``locator``.</doc>
<status status="PASS" start="2026-01-11T01:55:35.656832" elapsed="0.078937"/>
</kw>
<kw name="Input Text" owner="SeleniumLibrary">
<msg time="2026-01-11T01:55:35.736448" level="INFO">Typing text 'Doe' into text field 'name=lastName'.</msg>
<arg>name=lastName</arg>
<arg>${LAST_NAME}</arg>
<doc>Types the given ``text`` into the text field identified by ``locator``.</doc>
<status status="PASS" start="2026-01-11T01:55:35.736054" elapsed="0.082830"/>
</kw>
<kw name="Wait For Loader To Disappear" owner="Common">
<kw name="Wait Until Element Is Not Visible" owner="SeleniumLibrary">
<arg>css:.oxd-form-loader</arg>
<arg>10</arg>
<doc>Waits until the element ``locator`` is not visible.</doc>
<status status="PASS" start="2026-01-11T01:55:35.819423" elapsed="0.660336"/>
</kw>
<status status="PASS" start="2026-01-11T01:55:35.819126" elapsed="0.660761"/>
</kw>
<kw name="Wait Until Element Is Visible" owner="SeleniumLibrary">
<arg>xpath=//span[contains(@class,'oxd-switch-input')]</arg>
<arg>10</arg>
<doc>Waits until the element ``locator`` is visible.</doc>
<status status="PASS" start="2026-01-11T01:55:36.480048" elapsed="0.015933"/>
</kw>
<kw name="Click Element" owner="SeleniumLibrary">
<msg time="2026-01-11T01:55:36.496392" level="INFO">Clicking element 'xpath=//span[contains(@class,'oxd-switch-input')]'.</msg>
<arg>xpath=//span[contains(@class,'oxd-switch-input')]</arg>
<doc>Click the element identified by ``locator``.</doc>
<status status="PASS" start="2026-01-11T01:55:36.496178" elapsed="0.052255"/>
</kw>
<kw name="Generate Unique Username" owner="Common">
<kw name="Generate Random String" owner="String">
<msg time="2026-01-11T01:55:36.549245" level="INFO">${RANDOM} = zk03j</msg>
<var>${RANDOM}</var>
<arg>5</arg>
<arg>[LETTERS][NUMBERS]</arg>
<doc>Generates a string with a desired ``length`` from the given ``chars``.</doc>
<status status="PASS" start="2026-01-11T01:55:36.548994" elapsed="0.000303"/>
</kw>
<kw name="Set Variable" owner="BuiltIn">
<msg time="2026-01-11T01:55:36.549822" level="INFO">${USERNAME} = user_zk03j</msg>
<var>${USERNAME}</var>
<arg>${USERNAME_PREFIX}${RANDOM}</arg>
<doc>Returns the given values which can then be assigned to a variables.</doc>
<status status="PASS" start="2026-01-11T01:55:36.549439" elapsed="0.000423"/>
</kw>
<return>
<value>${USERNAME}</value>
<status status="PASS" start="2026-01-11T01:55:36.549940" elapsed="0.000112"/>
</return>
<msg time="2026-01-11T01:55:36.550231" level="INFO">${USERNAME} = user_zk03j</msg>
<var>${USERNAME}</var>
<status status="PASS" start="2026-01-11T01:55:36.548701" elapsed="0.001565"/>
</kw>
<kw name="Input Text" owner="SeleniumLibrary">
<msg time="2026-01-11T01:55:36.550607" level="INFO">Typing text 'user_zk03j' into text field 'xpath=(//label[normalize-space()='Username']/following::input[contains(@class,'oxd-input')])[1]'.</msg>
<arg>xpath=(//label[normalize-space()='Username']/following::input[contains(@class,'oxd-input')])[1]</arg>
<arg>${USERNAME}</arg>
<doc>Types the given ``text`` into the text field identified by ``locator``.</doc>
<status status="PASS" start="2026-01-11T01:55:36.550391" elapsed="0.104994"/>
</kw>
<kw name="Input Text" owner="SeleniumLibrary">
<msg time="2026-01-11T01:55:36.655886" level="INFO">Typing text 'Password123!' into text field 'xpath=//label[normalize-space()='Password']/following::input[@type='password']'.</msg>
<arg>xpath=//label[normalize-space()='Password']/following::input[@type='password']</arg>
<arg>Password123!</arg>
<doc>Types the given ``text`` into the text field identified by ``locator``.</doc>
<status status="PASS" start="2026-01-11T01:55:36.655602" elapsed="0.084933"/>
</kw>
<kw name="Input Text" owner="SeleniumLibrary">
<msg time="2026-01-11T01:55:36.740963" level="INFO">Typing text 'Password123!' into text field 'xpath=//label[normalize-space()='Confirm Password']/following::input[@type='password']'.</msg>
<arg>xpath=//label[normalize-space()='Confirm Password']/following::input[@type='password']</arg>
<arg>Password123!</arg>
<doc>Types the given ``text`` into the text field identified by ``locator``.</doc>
<status status="PASS" start="2026-01-11T01:55:36.740737" elapsed="0.072084"/>
</kw>
<kw name="Click Button By Text" owner="Common">
<kw name="Wait Until Element Is Visible" owner="SeleniumLibrary">
<arg>xpath=//button[normalize-space()='${BUTTON_NAME}']</arg>
<arg>${TIMEOUT}</arg>
<doc>Waits until the element ``locator`` is visible.</doc>
<status status="PASS" start="2026-01-11T01:55:36.813437" elapsed="0.015028"/>
</kw>
<kw name="Click Element" owner="SeleniumLibrary">
<msg time="2026-01-11T01:55:36.828921" level="INFO">Clicking element 'xpath=//button[normalize-space()='Save']'.</msg>
<arg>xpath=//button[normalize-space()='${BUTTON_NAME}']</arg>
<doc>Click the element identified by ``locator``.</doc>
<status status="PASS" start="2026-01-11T01:55:36.828656" elapsed="0.062642"/>
</kw>
<arg>Save</arg>
<status status="PASS" start="2026-01-11T01:55:36.813064" elapsed="0.078341"/>
</kw>
<kw name="Should See Page Title" owner="Common">
<kw name="Wait Until Element Is Visible" owner="SeleniumLibrary">
<arg>${LOCATOR}</arg>
<arg>${TIMEOUT}</arg>
<doc>Waits until the element ``locator`` is visible.</doc>
<status status="PASS" start="2026-01-11T01:55:36.891928" elapsed="7.481797"/>
</kw>
<kw name="Get Text" owner="SeleniumLibrary">
<msg time="2026-01-11T01:55:44.394783" level="INFO">${ACTUAL_TEXT} = Personal Details</msg>
<var>${ACTUAL_TEXT}</var>
<arg>${LOCATOR}</arg>
<doc>Returns the text value of the element identified by ``locator``.</doc>
<status status="PASS" start="2026-01-11T01:55:44.374090" elapsed="0.020763"/>
</kw>
<kw name="Should Be Equal" owner="BuiltIn">
<arg>${ACTUAL_TEXT}</arg>
<arg>${EXPECTED_TEXT}</arg>
<doc>Fails if the given objects are unequal.</doc>
<status status="PASS" start="2026-01-11T01:55:44.395072" elapsed="0.000515"/>
</kw>
<arg>xpath=//h6[text()='Personal Details']</arg>
<arg>Personal Details</arg>
<status status="PASS" start="2026-01-11T01:55:36.891586" elapsed="7.504112"/>
</kw>
<arg>${FIRST_NAME}</arg>
<arg>${MIDDLE_NAME}</arg>
<arg>${LAST_NAME}</arg>
<status status="PASS" start="2026-01-11T01:55:33.842534" elapsed="10.553253"/>
</kw>
<kw name="Verify Employee Added" owner="PIMPage">
<kw name="Set Variable" owner="BuiltIn">
<msg time="2026-01-11T01:55:44.397023" level="INFO">${full_name} = John Doe</msg>
<var>${full_name}</var>
<arg>${FIRST_NAME} ${LAST_NAME}</arg>
<doc>Returns the given values which can then be assigned to a variables.</doc>
<status status="PASS" start="2026-01-11T01:55:44.396546" elapsed="0.000525"/>
</kw>
<kw name="Wait Until Element Is Visible" owner="SeleniumLibrary">
<arg>xpath=//h6[text()='${full_name}']</arg>
<arg>10</arg>
<doc>Waits until the element ``locator`` is visible.</doc>
<status status="PASS" start="2026-01-11T01:55:44.397251" elapsed="1.284093"/>
</kw>
<kw name="Element Should Be Visible" owner="SeleniumLibrary">
<msg time="2026-01-11T01:55:45.693970" level="INFO">Element 'xpath=//h6[text()='John Doe']' is displayed.</msg>
<arg>xpath=//h6[text()='${full_name}']</arg>
<doc>Verifies that the element identified by ``locator`` is visible.</doc>
<status status="PASS" start="2026-01-11T01:55:45.681564" elapsed="0.012518"/>
</kw>
<arg>${FIRST_NAME}</arg>
<arg>${LAST_NAME}</arg>
<status status="PASS" start="2026-01-11T01:55:44.396100" elapsed="1.298097"/>
</kw>
<kw name="Close App" owner="Common" type="TEARDOWN">
<kw name="Close Browser" owner="SeleniumLibrary">
<doc>Closes the current browser.</doc>
<status status="PASS" start="2026-01-11T01:55:45.694938" elapsed="0.323495"/>
</kw>
<status status="PASS" start="2026-01-11T01:55:45.694606" elapsed="0.323967"/>
</kw>
<tag>smoke</tag>
<status status="PASS" start="2026-01-11T01:55:19.282028" elapsed="26.736674"/>
</test>
<test id="s1-s2-t2" name="Search Employee Test" line="16">
<kw name="Open App" owner="Common" type="SETUP">
<kw name="Open Browser" owner="SeleniumLibrary">
<msg time="2026-01-11T01:55:46.020243" level="INFO">Opening browser 'chrome' to base url 'https://opensource-demo.orangehrmlive.com/'.</msg>
<arg>${URL}</arg>
<arg>${BROWSER}</arg>
<doc>Opens a new browser instance to the optional ``url``.</doc>
<status status="PASS" start="2026-01-11T01:55:46.019986" elapsed="6.277728"/>
</kw>
<kw name="Maximize Browser Window" owner="SeleniumLibrary">
<doc>Maximizes current browser window.</doc>
<status status="PASS" start="2026-01-11T01:55:52.298185" elapsed="0.380432"/>
</kw>
<status status="PASS" start="2026-01-11T01:55:46.019669" elapsed="6.659147"/>
</kw>
<kw name="Login" owner="LoginPage">
<kw name="Wait Until Element Is Visible" owner="SeleniumLibrary">
<arg>name=username</arg>
<arg>10</arg>
<doc>Waits until the element ``locator`` is visible.</doc>
<status status="PASS" start="2026-01-11T01:55:52.679904" elapsed="0.522290"/>
</kw>
<kw name="Input Text" owner="SeleniumLibrary">
<msg time="2026-01-11T01:55:53.202952" level="INFO">Typing text 'Admin' into text field 'name=username'.</msg>
<arg>name=username</arg>
<arg>${USERNAME}</arg>
<doc>Types the given ``text`` into the text field identified by ``locator``.</doc>
<status status="PASS" start="2026-01-11T01:55:53.202521" elapsed="0.179298"/>
</kw>
<kw name="Input Text" owner="SeleniumLibrary">
<msg time="2026-01-11T01:55:53.382304" level="INFO">Typing text 'admin123' into text field 'name=password'.</msg>
<arg>name=password</arg>
<arg>${PASSWORD}</arg>
<doc>Types the given ``text`` into the text field identified by ``locator``.</doc>
<status status="PASS" start="2026-01-11T01:55:53.382028" elapsed="0.078398"/>
</kw>
<kw name="Click Button" owner="SeleniumLibrary">
<msg time="2026-01-11T01:55:53.461027" level="INFO">Clicking button 'xpath=//button[@type='submit']'.</msg>
<arg>xpath=//button[@type='submit']</arg>
<doc>Clicks the button identified by ``locator``.</doc>
<status status="PASS" start="2026-01-11T01:55:53.460713" elapsed="1.949036"/>
</kw>
<arg>${ADMIN}</arg>
<arg>${PASS}</arg>
<status status="PASS" start="2026-01-11T01:55:52.679332" elapsed="2.730593"/>
</kw>
<kw name="Verify Login Successful" owner="LoginPage">
<kw name="Wait Until Element Is Visible" owner="SeleniumLibrary">
<arg>xpath=//span[text()='Dashboard']</arg>
<arg>10</arg>
<doc>Waits until the element ``locator`` is visible.</doc>
<status status="PASS" start="2026-01-11T01:55:55.410699" elapsed="0.650896"/>
</kw>
<kw name="Page Should Contain" owner="SeleniumLibrary">
<msg time="2026-01-11T01:55:56.073576" level="INFO">Current page contains text 'Dashboard'.</msg>
<arg>Dashboard</arg>
<doc>Verifies that current page contains ``text``.</doc>
<status status="PASS" start="2026-01-11T01:55:56.061782" elapsed="0.011891"/>
</kw>
<status status="PASS" start="2026-01-11T01:55:55.410309" elapsed="0.663462"/>
</kw>
<kw name="Navigate To PIM Page" owner="PIMPage">
<kw name="Wait For Loader To Disappear" owner="Common">
<kw name="Wait Until Element Is Not Visible" owner="SeleniumLibrary">
<arg>css:.oxd-form-loader</arg>
<arg>10</arg>
<doc>Waits until the element ``locator`` is not visible.</doc>
<status status="PASS" start="2026-01-11T01:55:56.074680" elapsed="0.009190"/>
</kw>
<status status="PASS" start="2026-01-11T01:55:56.074431" elapsed="0.009559"/>
</kw>
<kw name="Wait Until Element Is Visible" owner="SeleniumLibrary">
<arg>xpath=//a[@href='/web/index.php/pim/viewPimModule']</arg>
<arg>10</arg>
<doc>Waits until the element ``locator`` is visible.</doc>
<status status="PASS" start="2026-01-11T01:55:56.084137" elapsed="0.015312"/>
</kw>
<kw name="Click Element" owner="SeleniumLibrary">
<msg time="2026-01-11T01:55:56.099864" level="INFO">Clicking element 'xpath=//a[@href='/web/index.php/pim/viewPimModule']'.</msg>
<arg>xpath=//a[@href='/web/index.php/pim/viewPimModule']</arg>
<doc>Click the element identified by ``locator``.</doc>
<status status="PASS" start="2026-01-11T01:55:56.099648" elapsed="2.088719"/>
</kw>
<kw name="Should See Page Title" owner="Common">
<kw name="Wait Until Element Is Visible" owner="SeleniumLibrary">
<arg>${LOCATOR}</arg>
<arg>${TIMEOUT}</arg>
<doc>Waits until the element ``locator`` is visible.</doc>
<status status="PASS" start="2026-01-11T01:55:58.189381" elapsed="0.866211"/>
</kw>
<kw name="Get Text" owner="SeleniumLibrary">
<msg time="2026-01-11T01:55:59.084073" level="INFO">${ACTUAL_TEXT} = PIM</msg>
<var>${ACTUAL_TEXT}</var>
<arg>${LOCATOR}</arg>
<doc>Returns the text value of the element identified by ``locator``.</doc>
<status status="PASS" start="2026-01-11T01:55:59.055903" elapsed="0.028261"/>
</kw>
<kw name="Should Be Equal" owner="BuiltIn">
<arg>${ACTUAL_TEXT}</arg>
<arg>${EXPECTED_TEXT}</arg>
<doc>Fails if the given objects are unequal.</doc>
<status status="PASS" start="2026-01-11T01:55:59.084470" elapsed="0.000917"/>
</kw>
<arg>xpath=//h6[text()='PIM']</arg>
<arg>PIM</arg>
<status status="PASS" start="2026-01-11T01:55:58.188653" elapsed="0.896898"/>
</kw>
<status status="PASS" start="2026-01-11T01:55:56.074114" elapsed="3.011576"/>
</kw>
<kw name="Search Employee" owner="PIMPage">
<kw name="Wait For Loader To Disappear" owner="Common">
<kw name="Wait Until Element Is Not Visible" owner="SeleniumLibrary">
<arg>css:.oxd-form-loader</arg>
<arg>10</arg>
<doc>Waits until the element ``locator`` is not visible.</doc>
<status status="PASS" start="2026-01-11T01:55:59.086966" elapsed="0.008648"/>
</kw>
<status status="PASS" start="2026-01-11T01:55:59.086638" elapsed="0.009108"/>
</kw>
<kw name="Set Variable" owner="BuiltIn">
<msg time="2026-01-11T01:55:59.096323" level="INFO">${EMP_INPUT} = xpath=(//input[@placeholder='Type for hints...'])[1]</msg>
<var>${EMP_INPUT}</var>
<arg>xpath=(//input[@placeholder='Type for hints...'])[1]</arg>
<doc>Returns the given values which can then be assigned to a variables.</doc>
<status status="PASS" start="2026-01-11T01:55:59.095923" elapsed="0.000443"/>
</kw>
<kw name="Wait Until Element Is Visible" owner="SeleniumLibrary">
<arg>${EMP_INPUT}</arg>
<arg>10</arg>
<doc>Waits until the element ``locator`` is visible.</doc>
<status status="PASS" start="2026-01-11T01:55:59.096518" elapsed="0.018120"/>
</kw>
<kw name="Clear Element Text" owner="SeleniumLibrary">
<arg>${EMP_INPUT}</arg>
<doc>Clears the value of the text-input-element identified by ``locator``.</doc>
<status status="PASS" start="2026-01-11T01:55:59.114853" elapsed="0.032914"/>
</kw>
<kw name="Input Text" owner="SeleniumLibrary">
<msg time="2026-01-11T01:55:59.148278" level="INFO">Typing text 'John A. Doe' into text field 'xpath=(//input[@placeholder='Type for hints...'])[1]'.</msg>
<arg>${EMP_INPUT}</arg>
<arg>${FULL_NAME}</arg>
<doc>Types the given ``text`` into the text field identified by ``locator``.</doc>
<status status="PASS" start="2026-01-11T01:55:59.147973" elapsed="0.110018"/>
</kw>
<kw name="Select From Listbox" owner="Common">
<kw name="Wait Until Element Is Visible" owner="SeleniumLibrary">
<arg>xpath=//div[@role='option' and normalize-space()='${OPTION_TEXT}']</arg>
<arg>${TIMEOUT}</arg>
<doc>Waits until the element ``locator`` is visible.</doc>
<status status="PASS" start="2026-01-11T01:55:59.258682" elapsed="1.695181"/>
</kw>
<kw name="Click Element" owner="SeleniumLibrary">
<msg time="2026-01-11T01:56:00.954366" level="INFO">Clicking element 'xpath=//div[@role='option' and normalize-space()='John A. Doe']'.</msg>
<arg>xpath=//div[@role='option' and normalize-space()='${OPTION_TEXT}']</arg>
<doc>Click the element identified by ``locator``.</doc>
<status status="PASS" start="2026-01-11T01:56:00.954067" elapsed="0.079869"/>
</kw>
<arg>${FULL_NAME}</arg>
<status status="PASS" start="2026-01-11T01:55:59.258267" elapsed="1.775799"/>
</kw>
<kw name="Click Element" owner="SeleniumLibrary">
<msg time="2026-01-11T01:56:01.034496" level="INFO">Clicking element 'xpath=//button[@type='submit']'.</msg>
<arg>${SUBMIT_BUTTON}</arg>
<doc>Click the element identified by ``locator``.</doc>
<status status="PASS" start="2026-01-11T01:56:01.034237" elapsed="0.063299"/>
</kw>
<kw name="Wait For Loader To Disappear" owner="Common">
<kw name="Wait Until Element Is Not Visible" owner="SeleniumLibrary">
<arg>css:.oxd-form-loader</arg>
<arg>10</arg>
<doc>Waits until the element ``locator`` is not visible.</doc>
<status status="PASS" start="2026-01-11T01:56:01.098388" elapsed="0.008387"/>
</kw>
<status status="PASS" start="2026-01-11T01:56:01.097971" elapsed="0.008947"/>
</kw>
<arg>${FULL_NAME}</arg>
<status status="PASS" start="2026-01-11T01:55:59.086090" elapsed="2.020925"/>
</kw>
<kw name="Verify Employee Data" owner="PIMPage">
<kw name="Wait For Loader To Disappear" owner="Common">
<kw name="Wait Until Element Is Not Visible" owner="SeleniumLibrary">
<arg>css:.oxd-form-loader</arg>
<arg>10</arg>
<doc>Waits until the element ``locator`` is not visible.</doc>
<status status="PASS" start="2026-01-11T01:56:01.108260" elapsed="0.007291"/>
</kw>
<status status="PASS" start="2026-01-11T01:56:01.107922" elapsed="0.007766"/>
</kw>
<kw name="Verify Table Contains" owner="Common">
<kw name="Wait Until Element Is Visible" owner="SeleniumLibrary">
<arg>xpath=//div[@class='oxd-table-card']//div[normalize-space()='${TEXT}']</arg>
<arg>${TIMEOUT}</arg>
<doc>Waits until the element ``locator`` is visible.</doc>
<status status="PASS" start="2026-01-11T01:56:01.116315" elapsed="0.858176"/>
</kw>
<kw name="Element Should Be Visible" owner="SeleniumLibrary">
<msg time="2026-01-11T01:56:01.986211" level="INFO">Element 'xpath=//div[@class='oxd-table-card']//div[normalize-space()='John A.']' is displayed.</msg>
<arg>xpath=//div[@class='oxd-table-card']//div[normalize-space()='${TEXT}']</arg>
<doc>Verifies that the element identified by ``locator`` is visible.</doc>
<status status="PASS" start="2026-01-11T01:56:01.974704" elapsed="0.011610"/>
</kw>
<arg>${FIRST_MIDDLE}</arg>
<status status="PASS" start="2026-01-11T01:56:01.115901" elapsed="0.870522"/>
</kw>
<kw name="Click Element" owner="SeleniumLibrary">
<msg time="2026-01-11T01:56:01.986864" level="INFO">Clicking element 'xpath=//div[@class='oxd-table-card']//div[normalize-space()='John A.']'.</msg>
<arg>xpath=//div[@class='oxd-table-card']//div[normalize-space()='${FIRST_MIDDLE}']</arg>
<doc>Click the element identified by ``locator``.</doc>
<status status="PASS" start="2026-01-11T01:56:01.986586" elapsed="1.477944"/>
</kw>
<kw name="Wait For Loader To Disappear" owner="Common">
<kw name="Wait Until Element Is Not Visible" owner="SeleniumLibrary">
<arg>css:.oxd-form-loader</arg>
<arg>10</arg>
<doc>Waits until the element ``locator`` is not visible.</doc>
<status status="PASS" start="2026-01-11T01:56:03.465249" elapsed="0.007413"/>
</kw>
<status status="PASS" start="2026-01-11T01:56:03.464903" elapsed="0.007887"/>
</kw>
<kw name="Should See Page Title" owner="Common">
<kw name="Wait Until Element Is Visible" owner="SeleniumLibrary">
<arg>${LOCATOR}</arg>
<arg>${TIMEOUT}</arg>
<doc>Waits until the element ``locator`` is visible.</doc>
<status status="PASS" start="2026-01-11T01:56:03.473398" elapsed="0.661895"/>
</kw>
<kw name="Get Text" owner="SeleniumLibrary">
<msg time="2026-01-11T01:56:04.149826" level="INFO">${ACTUAL_TEXT} = Personal Details</msg>
<var>${ACTUAL_TEXT}</var>
<arg>${LOCATOR}</arg>
<doc>Returns the text value of the element identified by ``locator``.</doc>
<status status="PASS" start="2026-01-11T01:56:04.135505" elapsed="0.014377"/>
</kw>
<kw name="Should Be Equal" owner="BuiltIn">
<arg>${ACTUAL_TEXT}</arg>
<arg>${EXPECTED_TEXT}</arg>
<doc>Fails if the given objects are unequal.</doc>
<status status="PASS" start="2026-01-11T01:56:04.150071" elapsed="0.000453"/>
</kw>
<arg>xpath=//h6[text()='Personal Details']</arg>
<arg>Personal Details</arg>
<status status="PASS" start="2026-01-11T01:56:03.473002" elapsed="0.677626"/>
</kw>
<kw name="Wait Until Field Has Value" owner="Common">
<kw name="Wait Until Keyword Succeeds" owner="BuiltIn">
<kw name="Run Keyword And Ignore Error" owner="BuiltIn">
<kw name="Textfield Value Should Be" owner="SeleniumLibrary">
<msg time="2026-01-11T01:56:04.521862" level="INFO" html="true">&lt;/td&gt;&lt;/tr&gt;&lt;tr&gt;&lt;td colspan="3"&gt;&lt;a href="selenium-screenshot-141.png"&gt;&lt;img src="selenium-screenshot-141.png" width="800px"&gt;&lt;/a&gt;</msg>
<msg time="2026-01-11T01:56:04.522064" level="FAIL">Value of text field 'name=firstName' should have been 'John' but was ''.</msg>
<arg>${locator}</arg>
<arg>${expected}</arg>
<doc>Verifies text field ``locator`` has exactly text ``expected``.</doc>
<status status="FAIL" start="2026-01-11T01:56:04.152465" elapsed="0.374532">Value of text field 'name=firstName' should have been 'John' but was ''.</status>
</kw>
<arg>Textfield Value Should Be</arg>
<arg>${locator}</arg>
<arg>${expected}</arg>
<doc>Runs the given keyword with the given arguments and ignores possible error.</doc>
<status status="PASS" start="2026-01-11T01:56:04.152068" elapsed="0.375053"/>
</kw>
<arg>${timeout}</arg>
<arg>1s</arg>
<arg>Run Keyword And Ignore Error</arg>
<arg>Textfield Value Should Be</arg>
<arg>${locator}</arg>
<arg>${expected}</arg>
<doc>Runs the specified keyword and retries if it fails.</doc>
<status status="PASS" start="2026-01-11T01:56:04.151272" elapsed="0.375924"/>
</kw>
<arg>name=firstName</arg>
<arg>${FIRST_NAME}</arg>
<status status="PASS" start="2026-01-11T01:56:04.150827" elapsed="0.376462"/>
</kw>
<kw name="Wait Until Field Has Value" owner="Common">
<kw name="Wait Until Keyword Succeeds" owner="BuiltIn">
<kw name="Run Keyword And Ignore Error" owner="BuiltIn">
<kw name="Textfield Value Should Be" owner="SeleniumLibrary">
<msg time="2026-01-11T01:56:04.901190" level="INFO" html="true">&lt;/td&gt;&lt;/tr&gt;&lt;tr&gt;&lt;td colspan="3"&gt;&lt;a href="selenium-screenshot-142.png"&gt;&lt;img src="selenium-screenshot-142.png" width="800px"&gt;&lt;/a&gt;</msg>
<msg time="2026-01-11T01:56:04.901341" level="FAIL">Value of text field 'name=lastName' should have been 'Doe' but was ''.</msg>
<arg>${locator}</arg>
<arg>${expected}</arg>
<doc>Verifies text field ``locator`` has exactly text ``expected``.</doc>
<status status="FAIL" start="2026-01-11T01:56:04.528744" elapsed="0.373198">Value of text field 'name=lastName' should have been 'Doe' but was ''.</status>
</kw>
<arg>Textfield Value Should Be</arg>
<arg>${locator}</arg>
<arg>${expected}</arg>
<doc>Runs the given keyword with the given arguments and ignores possible error.</doc>
<status status="PASS" start="2026-01-11T01:56:04.528357" elapsed="0.373692"/>
</kw>
<arg>${timeout}</arg>
<arg>1s</arg>
<arg>Run Keyword And Ignore Error</arg>
<arg>Textfield Value Should Be</arg>
<arg>${locator}</arg>
<arg>${expected}</arg>
<doc>Runs the specified keyword and retries if it fails.</doc>
<status status="PASS" start="2026-01-11T01:56:04.527856" elapsed="0.374272"/>
</kw>
<arg>name=lastName</arg>
<arg>${LAST_NAME}</arg>
<status status="PASS" start="2026-01-11T01:56:04.527480" elapsed="0.374773"/>
</kw>
<arg>${FIRST_NAME}</arg>
<arg>${LAST_NAME}</arg>
<arg>${FIRST_MIDDLE}</arg>
<status status="PASS" start="2026-01-11T01:56:01.107355" elapsed="3.795034"/>
</kw>
<kw name="Close App" owner="Common" type="TEARDOWN">
<kw name="Close Browser" owner="SeleniumLibrary">
<doc>Closes the current browser.</doc>
<status status="PASS" start="2026-01-11T01:56:04.903118" elapsed="0.369168"/>
</kw>
<status status="PASS" start="2026-01-11T01:56:04.902813" elapsed="0.369609"/>
</kw>
<tag>regression</tag>
<status status="PASS" start="2026-01-11T01:55:46.019096" elapsed="19.253445"/>
</test>
<status status="PASS" start="2026-01-11T01:55:19.272425" elapsed="46.000569"/>
</suite>
<suite id="s1-s3" name="Recruitment" source="/Users/fatamaalzahraa.abdo/Task/OrangeHRM_Robot/tests/recruitment.robot">
<test id="s1-s3-t1" name="Create Vacancy - Smoke" line="7">
<kw name="Open App" owner="Common" type="SETUP">
<kw name="Open Browser" owner="SeleniumLibrary">
<msg time="2026-01-11T01:56:05.283024" level="INFO">Opening browser 'chrome' to base url 'https://opensource-demo.orangehrmlive.com/'.</msg>
<arg>${URL}</arg>
<arg>${BROWSER}</arg>
<doc>Opens a new browser instance to the optional ``url``.</doc>
<status status="PASS" start="2026-01-11T01:56:05.282772" elapsed="7.045942"/>
</kw>
<kw name="Maximize Browser Window" owner="SeleniumLibrary">
<doc>Maximizes current browser window.</doc>
<status status="PASS" start="2026-01-11T01:56:12.329426" elapsed="0.386497"/>
</kw>
<status status="PASS" start="2026-01-11T01:56:05.282454" elapsed="7.433841"/>
</kw>
<kw name="Login" owner="LoginPage">
<kw name="Wait Until Element Is Visible" owner="SeleniumLibrary">
<arg>name=username</arg>
<arg>10</arg>
<doc>Waits until the element ``locator`` is visible.</doc>
<status status="PASS" start="2026-01-11T01:56:12.717355" elapsed="0.649301"/>
</kw>
<kw name="Input Text" owner="SeleniumLibrary">
<msg time="2026-01-11T01:56:13.367137" level="INFO">Typing text 'Admin' into text field 'name=username'.</msg>
<arg>name=username</arg>
<arg>${USERNAME}</arg>
<doc>Types the given ``text`` into the text field identified by ``locator``.</doc>
<status status="PASS" start="2026-01-11T01:56:13.366868" elapsed="0.181296"/>
</kw>
<kw name="Input Text" owner="SeleniumLibrary">
<msg time="2026-01-11T01:56:13.548707" level="INFO">Typing text 'admin123' into text field 'name=password'.</msg>
<arg>name=password</arg>
<arg>${PASSWORD}</arg>
<doc>Types the given ``text`` into the text field identified by ``locator``.</doc>
<status status="PASS" start="2026-01-11T01:56:13.548410" elapsed="0.075861"/>
</kw>
<kw name="Click Button" owner="SeleniumLibrary">
<msg time="2026-01-11T01:56:13.624701" level="INFO">Clicking button 'xpath=//button[@type='submit']'.</msg>
<arg>xpath=//button[@type='submit']</arg>
<doc>Clicks the button identified by ``locator``.</doc>
<status status="PASS" start="2026-01-11T01:56:13.624481" elapsed="2.164671"/>
</kw>
<arg>${ADMIN}</arg>
<arg>${PASS}</arg>
<status status="PASS" start="2026-01-11T01:56:12.716807" elapsed="3.072478"/>
</kw>
<kw name="Verify Login Successful" owner="LoginPage">
<kw name="Wait Until Element Is Visible" owner="SeleniumLibrary">
<arg>xpath=//span[text()='Dashboard']</arg>
<arg>10</arg>
<doc>Waits until the element ``locator`` is visible.</doc>
<status status="PASS" start="2026-01-11T01:56:15.789924" elapsed="1.075820"/>
</kw>
<kw name="Page Should Contain" owner="SeleniumLibrary">
<msg time="2026-01-11T01:56:16.877863" level="INFO">Current page contains text 'Dashboard'.</msg>
<arg>Dashboard</arg>
<doc>Verifies that current page contains ``text``.</doc>
<status status="PASS" start="2026-01-11T01:56:16.865947" elapsed="0.012019"/>
</kw>
<status status="PASS" start="2026-01-11T01:56:15.789595" elapsed="1.088474"/>
</kw>
<kw name="Navigate To Recruitment" owner="RecruitmentPage">
<kw name="Wait For Loader To Disappear" owner="Common">
<kw name="Wait Until Element Is Not Visible" owner="SeleniumLibrary">
<arg>css:.oxd-form-loader</arg>
<arg>10</arg>
<doc>Waits until the element ``locator`` is not visible.</doc>
<status status="PASS" start="2026-01-11T01:56:16.878868" elapsed="0.009108"/>
</kw>
<status status="PASS" start="2026-01-11T01:56:16.878599" elapsed="0.009495"/>
</kw>
<kw name="Click Element" owner="SeleniumLibrary">
<msg time="2026-01-11T01:56:16.888481" level="INFO">Clicking element 'xpath=//a[@href='/web/index.php/recruitment/viewRecruitmentModule']'.</msg>
<arg>xpath=//a[@href='/web/index.php/recruitment/viewRecruitmentModule']</arg>
<doc>Click the element identified by ``locator``.</doc>
<status status="PASS" start="2026-01-11T01:56:16.888259" elapsed="2.875205"/>
</kw>
<kw name="Should See Page Title" owner="Common">
<kw name="Wait Until Element Is Visible" owner="SeleniumLibrary">
<arg>${LOCATOR}</arg>
<arg>${TIMEOUT}</arg>
<doc>Waits until the element ``locator`` is visible.</doc>
<status status="PASS" start="2026-01-11T01:56:19.764128" elapsed="1.076411"/>
</kw>
<kw name="Get Text" owner="SeleniumLibrary">
<msg time="2026-01-11T01:56:20.858659" level="INFO">${ACTUAL_TEXT} = Recruitment</msg>
<var>${ACTUAL_TEXT}</var>
<arg>${LOCATOR}</arg>
<doc>Returns the text value of the element identified by ``locator``.</doc>
<status status="PASS" start="2026-01-11T01:56:20.840754" elapsed="0.017956"/>
</kw>
<kw name="Should Be Equal" owner="BuiltIn">
<arg>${ACTUAL_TEXT}</arg>
<arg>${EXPECTED_TEXT}</arg>
<doc>Fails if the given objects are unequal.</doc>
<status status="PASS" start="2026-01-11T01:56:20.858897" elapsed="0.000540"/>
</kw>
<arg>xpath=//h6[text()='Recruitment']</arg>
<arg>Recruitment</arg>
<status status="PASS" start="2026-01-11T01:56:19.763724" elapsed="1.095807"/>
</kw>
<status status="PASS" start="2026-01-11T01:56:16.878308" elapsed="3.981310"/>
</kw>
<kw name="Create Vacancy" owner="RecruitmentPage">
<kw name="Click Element" owner="SeleniumLibrary">
<msg time="2026-01-11T01:56:20.860454" level="INFO">Clicking element 'xpath=//a[text()='Vacancies']'.</msg>
<arg>xpath=//a[text()='Vacancies']</arg>
<doc>Click the element identified by ``locator``.</doc>
<status status="PASS" start="2026-01-11T01:56:20.860277" elapsed="2.703610"/>
</kw>
<kw name="Wait For Loader To Disappear" owner="Common">
<kw name="Wait Until Element Is Not Visible" owner="SeleniumLibrary">
<arg>css:.oxd-form-loader</arg>
<arg>10</arg>
<doc>Waits until the element ``locator`` is not visible.</doc>
<status status="PASS" start="2026-01-11T01:56:23.564449" elapsed="0.006358"/>
</kw>
<status status="PASS" start="2026-01-11T01:56:23.564133" elapsed="0.006807"/>
</kw>
<kw name="Click Button By Text" owner="Common">
<kw name="Wait Until Element Is Visible" owner="SeleniumLibrary">
<arg>xpath=//button[normalize-space()='${BUTTON_NAME}']</arg>
<arg>${TIMEOUT}</arg>
<doc>Waits until the element ``locator`` is visible.</doc>
<status status="PASS" start="2026-01-11T01:56:23.571535" elapsed="0.648610"/>
</kw>
<kw name="Click Element" owner="SeleniumLibrary">
<msg time="2026-01-11T01:56:24.220656" level="INFO">Clicking element 'xpath=//button[normalize-space()='Add']'.</msg>
<arg>xpath=//button[normalize-space()='${BUTTON_NAME}']</arg>
<doc>Click the element identified by ``locator``.</doc>
<status status="PASS" start="2026-01-11T01:56:24.220363" elapsed="1.203662"/>
</kw>
<arg>Add</arg>
<status status="PASS" start="2026-01-11T01:56:23.571159" elapsed="1.852998"/>
</kw>
<kw name="Wait Until Element Is Visible" owner="SeleniumLibrary">
<arg>xpath=(//label[normalize-space()='Vacancy Name']/following::input[contains(@class,'oxd-input')])[1]</arg>
<arg>10</arg>
<doc>Waits until the element ``locator`` is visible.</doc>
<status status="PASS" start="2026-01-11T01:56:25.424331" elapsed="0.649971"/>
</kw>
<kw name="Get Time" owner="BuiltIn">
<msg time="2026-01-11T01:56:26.074983" level="INFO">${TIMESTAMP} = 1768089386</msg>
<var>${TIMESTAMP}</var>
<arg>epoch</arg>
<doc>Returns the given time in the requested format.</doc>
<status status="PASS" start="2026-01-11T01:56:26.074536" elapsed="0.000490"/>
</kw>
<kw name="Set Variable" owner="BuiltIn">
<msg time="2026-01-11T01:56:26.075565" level="INFO">${VACANCY_NAME} = Automation_Vacancy_1768089386</msg>
<var>${VACANCY_NAME}</var>
<arg>Automation_Vacancy_${TIMESTAMP}</arg>
<doc>Returns the given values which can then be assigned to a variables.</doc>
<status status="PASS" start="2026-01-11T01:56:26.075185" elapsed="0.000422"/>
</kw>
<kw name="Input Text" owner="SeleniumLibrary">
<msg time="2026-01-11T01:56:26.075997" level="INFO">Typing text 'Automation_Vacancy_1768089386' into text field 'xpath=(//label[normalize-space()='Vacancy Name']/following::input[contains(@class,'oxd-input')])[1]'.</msg>
<arg>xpath=(//label[normalize-space()='Vacancy Name']/following::input[contains(@class,'oxd-input')])[1]</arg>
<arg>${VACANCY_NAME}</arg>
<doc>Types the given ``text`` into the text field identified by ``locator``.</doc>
<status status="PASS" start="2026-01-11T01:56:26.075755" elapsed="0.074416"/>
</kw>
<kw name="Click Element" owner="SeleniumLibrary">
<msg time="2026-01-11T01:56:26.150573" level="INFO">Clicking element 'xpath=//div[contains(@class,'oxd-select-text') and contains(text(),'-- Select --')]'.</msg>
<arg>xpath=//div[contains(@class,'oxd-select-text') and contains(text(),'-- Select --')]</arg>
<doc>Click the element identified by ``locator``.</doc>
<status status="PASS" start="2026-01-11T01:56:26.150369" elapsed="0.054742"/>
</kw>
<kw name="Select From Listbox" owner="Common">
<kw name="Wait Until Element Is Visible" owner="SeleniumLibrary">
<arg>xpath=//div[@role='option' and normalize-space()='${OPTION_TEXT}']</arg>
<arg>${TIMEOUT}</arg>
<doc>Waits until the element ``locator`` is visible.</doc>
<status status="PASS" start="2026-01-11T01:56:26.205899" elapsed="0.645752"/>
</kw>
<kw name="Click Element" owner="SeleniumLibrary">
<msg time="2026-01-11T01:56:26.852246" level="INFO">Clicking element 'xpath=//div[@role='option' and normalize-space()='Automaton Tester']'.</msg>
<arg>xpath=//div[@role='option' and normalize-space()='${OPTION_TEXT}']</arg>
<doc>Click the element identified by ``locator``.</doc>
<status status="PASS" start="2026-01-11T01:56:26.851955" elapsed="0.049091"/>
</kw>
<arg>${JOB_TITLE}</arg>
<status status="PASS" start="2026-01-11T01:56:26.205500" elapsed="0.695662"/>
</kw>
<kw name="Input Text" owner="SeleniumLibrary">
<msg time="2026-01-11T01:56:26.901554" level="INFO">Typing text 'Amelia' into text field 'xpath=//input[@placeholder='Type for hints...']'.</msg>
<arg>xpath=//input[@placeholder='Type for hints...']</arg>
<arg>${SEARCH_HINT}</arg>
<doc>Types the given ``text`` into the text field identified by ``locator``.</doc>
<status status="PASS" start="2026-01-11T01:56:26.901308" elapsed="0.059916"/>
</kw>
<kw name="Select From Listbox" owner="Common">
<kw name="Wait Until Element Is Visible" owner="SeleniumLibrary">
<arg>xpath=//div[@role='option' and normalize-space()='${OPTION_TEXT}']</arg>
<arg>${TIMEOUT}</arg>
<doc>Waits until the element ``locator`` is visible.</doc>
<status status="PASS" start="2026-01-11T01:56:26.962049" elapsed="1.488368"/>
</kw>
<kw name="Click Element" owner="SeleniumLibrary">
<msg time="2026-01-11T01:56:28.450895" level="INFO">Clicking element 'xpath=//div[@role='option' and normalize-space()='Amelia Brown']'.</msg>
<arg>xpath=//div[@role='option' and normalize-space()='${OPTION_TEXT}']</arg>
<doc>Click the element identified by ``locator``.</doc>
<status status="PASS" start="2026-01-11T01:56:28.450622" elapsed="0.044511"/>
</kw>
<arg>${HIRING_MANAGER}</arg>
<status status="PASS" start="2026-01-11T01:56:26.961531" elapsed="1.533707"/>
</kw>
<kw name="Click Button" owner="SeleniumLibrary">
<msg time="2026-01-11T01:56:28.495549" level="INFO">Clicking button 'xpath=//button[@type='submit']'.</msg>
<arg>xpath=//button[@type='submit']</arg>
<doc>Clicks the button identified by ``locator``.</doc>
<status status="PASS" start="2026-01-11T01:56:28.495371" elapsed="0.054772"/>
</kw>
<kw name="Wait Until Location Contains" owner="SeleniumLibrary">
<arg>/recruitment/addJobVacancy/</arg>
<arg>10</arg>
<doc>Waits until the current URL contains ``expected``.</doc>
<status status="PASS" start="2026-01-11T01:56:28.550327" elapsed="2.303290"/>
</kw>
<kw name="Get Location" owner="SeleniumLibrary">
<msg time="2026-01-11T01:56:30.857691" level="INFO">${CURRENT_URL} = https://opensource-demo.orangehrmlive.com/web/index.php/recruitment/addJobVacancy/13</msg>
<var>${CURRENT_URL}</var>
<doc>Returns the current browser window URL.</doc>
<status status="PASS" start="2026-01-11T01:56:30.853841" elapsed="0.003909"/>
</kw>
<kw name="Should Match Regexp" owner="BuiltIn">
<arg>${CURRENT_URL}</arg>
<arg>.*/recruitment/addJobVacancy/\\d+$</arg>
<doc>Fails if ``string`` does not match ``pattern`` as a regular expression.</doc>
<status status="PASS" start="2026-01-11T01:56:30.857947" elapsed="0.000679"/>
</kw>
<arg>${JOB_TITLE}</arg>
<arg>${SEARCH_HINT}</arg>
<arg>${HIRING_MANAGER}</arg>
<status status="PASS" start="2026-01-11T01:56:20.859890" elapsed="9.998847"/>
</kw>
<kw name="Close App" owner="Common" type="TEARDOWN">
<kw name="Close Browser" owner="SeleniumLibrary">
<doc>Closes the current browser.</doc>
<status status="PASS" start="2026-01-11T01:56:30.859401" elapsed="0.350390"/>
</kw>
<status status="PASS" start="2026-01-11T01:56:30.859083" elapsed="0.350850"/>
</kw>
<tag>smoke</tag>
<status status="PASS" start="2026-01-11T01:56:05.281976" elapsed="25.928083"/>
</test>
<test id="s1-s3-t2" name="Add Candidate - Regression" line="14">
<kw name="Open App" owner="Common" type="SETUP">
<kw name="Open Browser" owner="SeleniumLibrary">
<msg time="2026-01-11T01:56:31.211483" level="INFO">Opening browser 'chrome' to base url 'https://opensource-demo.orangehrmlive.com/'.</msg>
<arg>${URL}</arg>
<arg>${BROWSER}</arg>
<doc>Opens a new browser instance to the optional ``url``.</doc>
<status status="PASS" start="2026-01-11T01:56:31.211220" elapsed="5.680948"/>
</kw>
<kw name="Maximize Browser Window" owner="SeleniumLibrary">
<doc>Maximizes current browser window.</doc>
<status status="PASS" start="2026-01-11T01:56:36.892981" elapsed="0.386459"/>
</kw>
<status status="PASS" start="2026-01-11T01:56:31.210901" elapsed="6.068736"/>
</kw>
<kw name="Login" owner="LoginPage">
<kw name="Wait Until Element Is Visible" owner="SeleniumLibrary">
<arg>name=username</arg>
<arg>10</arg>
<doc>Waits until the element ``locator`` is visible.</doc>
<status status="PASS" start="2026-01-11T01:56:37.280962" elapsed="0.657146"/>
</kw>
<kw name="Input Text" owner="SeleniumLibrary">
<msg time="2026-01-11T01:56:37.938696" level="INFO">Typing text 'Admin' into text field 'name=username'.</msg>
<arg>name=username</arg>
<arg>${USERNAME}</arg>
<doc>Types the given ``text`` into the text field identified by ``locator``.</doc>
<status status="PASS" start="2026-01-11T01:56:37.938351" elapsed="0.211414"/>
</kw>
<kw name="Input Text" owner="SeleniumLibrary">
<msg time="2026-01-11T01:56:38.150466" level="INFO">Typing text 'admin123' into text field 'name=password'.</msg>
<arg>name=password</arg>
<arg>${PASSWORD}</arg>
<doc>Types the given ``text`` into the text field identified by ``locator``.</doc>
<status status="PASS" start="2026-01-11T01:56:38.150059" elapsed="0.084010"/>
</kw>
<kw name="Click Button" owner="SeleniumLibrary">
<msg time="2026-01-11T01:56:38.234572" level="INFO">Clicking button 'xpath=//button[@type='submit']'.</msg>
<arg>xpath=//button[@type='submit']</arg>
<doc>Clicks the button identified by ``locator``.</doc>
<status status="PASS" start="2026-01-11T01:56:38.234318" elapsed="1.824256"/>
</kw>
<arg>${ADMIN}</arg>
<arg>${PASS}</arg>
<status status="PASS" start="2026-01-11T01:56:37.280248" elapsed="2.778456"/>
</kw>
<kw name="Verify Login Successful" owner="LoginPage">
<kw name="Wait Until Element Is Visible" owner="SeleniumLibrary">
<arg>xpath=//span[text()='Dashboard']</arg>
<arg>10</arg>
<doc>Waits until the element ``locator`` is visible.</doc>
<status status="PASS" start="2026-01-11T01:56:40.059307" elapsed="0.642308"/>
</kw>
<kw name="Page Should Contain" owner="SeleniumLibrary">
<msg time="2026-01-11T01:56:40.715236" level="INFO">Current page contains text 'Dashboard'.</msg>
<arg>Dashboard</arg>
<doc>Verifies that current page contains ``text``.</doc>
<status status="PASS" start="2026-01-11T01:56:40.701820" elapsed="0.013526"/>
</kw>
<status status="PASS" start="2026-01-11T01:56:40.059005" elapsed="0.656451"/>
</kw>
<kw name="Navigate To Recruitment" owner="RecruitmentPage">
<kw name="Wait For Loader To Disappear" owner="Common">
<kw name="Wait Until Element Is Not Visible" owner="SeleniumLibrary">
<arg>css:.oxd-form-loader</arg>
<arg>10</arg>
<doc>Waits until the element ``locator`` is not visible.</doc>
<status status="PASS" start="2026-01-11T01:56:40.716291" elapsed="0.009840"/>
</kw>
<status status="PASS" start="2026-01-11T01:56:40.716020" elapsed="0.010273"/>
</kw>
<kw name="Click Element" owner="SeleniumLibrary">
<msg time="2026-01-11T01:56:40.726697" level="INFO">Clicking element 'xpath=//a[@href='/web/index.php/recruitment/viewRecruitmentModule']'.</msg>
<arg>xpath=//a[@href='/web/index.php/recruitment/viewRecruitmentModule']</arg>
<doc>Click the element identified by ``locator``.</doc>
<status status="PASS" start="2026-01-11T01:56:40.726458" elapsed="2.557365"/>
</kw>
<kw name="Should See Page Title" owner="Common">
<kw name="Wait Until Element Is Visible" owner="SeleniumLibrary">
<arg>${LOCATOR}</arg>
<arg>${TIMEOUT}</arg>
<doc>Waits until the element ``locator`` is visible.</doc>
<status status="PASS" start="2026-01-11T01:56:43.284932" elapsed="0.652939"/>
</kw>
<kw name="Get Text" owner="SeleniumLibrary">
<msg time="2026-01-11T01:56:43.957876" level="INFO">${ACTUAL_TEXT} = Recruitment</msg>
<var>${ACTUAL_TEXT}</var>
<arg>${LOCATOR}</arg>
<doc>Returns the text value of the element identified by ``locator``.</doc>
<status status="PASS" start="2026-01-11T01:56:43.938094" elapsed="0.019837"/>
</kw>
<kw name="Should Be Equal" owner="BuiltIn">
<arg>${ACTUAL_TEXT}</arg>
<arg>${EXPECTED_TEXT}</arg>
<doc>Fails if the given objects are unequal.</doc>
<status status="PASS" start="2026-01-11T01:56:43.958286" elapsed="0.000554"/>
</kw>
<arg>xpath=//h6[text()='Recruitment']</arg>
<arg>Recruitment</arg>
<status status="PASS" start="2026-01-11T01:56:43.284312" elapsed="0.674628"/>
</kw>
<status status="PASS" start="2026-01-11T01:56:40.715716" elapsed="3.243307"/>
</kw>
<kw name="Add Candidate" owner="RecruitmentPage">
<kw name="Click Element" owner="SeleniumLibrary">
<msg time="2026-01-11T01:56:43.959878" level="INFO">Clicking element 'xpath=//a[text()='Candidates']'.</msg>
<arg>xpath=//a[text()='Candidates']</arg>
<doc>Click the element identified by ``locator``.</doc>
<status status="PASS" start="2026-01-11T01:56:43.959693" elapsed="1.172582"/>
</kw>
<kw name="Wait For Loader To Disappear" owner="Common">
<kw name="Wait Until Element Is Not Visible" owner="SeleniumLibrary">
<arg>css:.oxd-form-loader</arg>
<arg>10</arg>
<doc>Waits until the element ``locator`` is not visible.</doc>
<status status="PASS" start="2026-01-11T01:56:45.132844" elapsed="0.007442"/>
</kw>
<status status="PASS" start="2026-01-11T01:56:45.132523" elapsed="0.007941"/>
</kw>
<kw name="Click Button By Text" owner="Common">
<kw name="Wait Until Element Is Visible" owner="SeleniumLibrary">
<arg>xpath=//button[normalize-space()='${BUTTON_NAME}']</arg>
<arg>${TIMEOUT}</arg>
<doc>Waits until the element ``locator`` is visible.</doc>
<status status="PASS" start="2026-01-11T01:56:45.141058" elapsed="0.883454"/>
</kw>
<kw name="Click Element" owner="SeleniumLibrary">
<msg time="2026-01-11T01:56:46.025002" level="INFO">Clicking element 'xpath=//button[normalize-space()='Add']'.</msg>
<arg>xpath=//button[normalize-space()='${BUTTON_NAME}']</arg>
<doc>Click the element identified by ``locator``.</doc>
<status status="PASS" start="2026-01-11T01:56:46.024717" elapsed="1.164431"/>
</kw>
<arg>Add</arg>
<status status="PASS" start="2026-01-11T01:56:45.140696" elapsed="2.048583"/>
</kw>
<kw name="Wait For Loader To Disappear" owner="Common">
<kw name="Wait Until Element Is Not Visible" owner="SeleniumLibrary">
<arg>css:.oxd-form-loader</arg>
<arg>10</arg>
<doc>Waits until the element ``locator`` is not visible.</doc>
<status status="PASS" start="2026-01-11T01:56:47.189793" elapsed="0.008125"/>
</kw>
<status status="PASS" start="2026-01-11T01:56:47.189486" elapsed="0.008637"/>
</kw>
<kw name="Wait Until Element Is Visible" owner="SeleniumLibrary">
<arg>xpath=//h6[text()='Add Candidate']</arg>
<arg>10</arg>
<doc>Waits until the element ``locator`` is visible.</doc>
<status status="PASS" start="2026-01-11T01:56:47.198300" elapsed="1.284001"/>
</kw>
<kw name="Input Text" owner="SeleniumLibrary">
<msg time="2026-01-11T01:56:48.482799" level="INFO">Typing text 'John' into text field 'name=firstName'.</msg>
<arg>name=firstName</arg>
<arg>${FIRST_NAME}</arg>
<doc>Types the given ``text`` into the text field identified by ``locator``.</doc>
<status status="PASS" start="2026-01-11T01:56:48.482522" elapsed="0.059332"/>
</kw>
<kw name="Input Text" owner="SeleniumLibrary">
<msg time="2026-01-11T01:56:48.542293" level="INFO">Typing text 'Doe' into text field 'name=lastName'.</msg>
<arg>name=lastName</arg>
<arg>${LAST_NAME}</arg>
<doc>Types the given ``text`` into the text field identified by ``locator``.</doc>
<status status="PASS" start="2026-01-11T01:56:48.542043" elapsed="0.061448"/>
</kw>
<kw name="Input Text" owner="SeleniumLibrary">
<msg time="2026-01-11T01:56:48.603952" level="INFO">Typing text 'john.doe@test.com' into text field 'xpath=//input[@placeholder='Type here']'.</msg>
<arg>xpath=//input[@placeholder='Type here']</arg>
<arg>${EMAIL}</arg>
<doc>Types the given ``text`` into the text field identified by ``locator``.</doc>
<status status="PASS" start="2026-01-11T01:56:48.603690" elapsed="0.079041"/>
</kw>
<kw name="Click Button" owner="SeleniumLibrary">
<msg time="2026-01-11T01:56:48.683159" level="INFO">Clicking button 'xpath=//button[@type='submit']'.</msg>
<arg>xpath=//button[@type='submit']</arg>
<doc>Clicks the button identified by ``locator``.</doc>
<status status="PASS" start="2026-01-11T01:56:48.682938" elapsed="0.061023"/>
</kw>
<kw name="Should See Page Title" owner="Common">
<kw name="Wait Until Element Is Visible" owner="SeleniumLibrary">
<arg>${LOCATOR}</arg>
<arg>${TIMEOUT}</arg>
<doc>Waits until the element ``locator`` is visible.</doc>
<status status="PASS" start="2026-01-11T01:56:48.744530" elapsed="6.243976"/>
</kw>
<kw name="Get Text" owner="SeleniumLibrary">
<msg time="2026-01-11T01:56:55.001595" level="INFO">${ACTUAL_TEXT} = Candidate Profile</msg>
<var>${ACTUAL_TEXT}</var>
<arg>${LOCATOR}</arg>
<doc>Returns the text value of the element identified by ``locator``.</doc>
<status status="PASS" start="2026-01-11T01:56:54.988704" elapsed="0.012943"/>
</kw>
<kw name="Should Be Equal" owner="BuiltIn">
<arg>${ACTUAL_TEXT}</arg>
<arg>${EXPECTED_TEXT}</arg>
<doc>Fails if the given objects are unequal.</doc>
<status status="PASS" start="2026-01-11T01:56:55.001832" elapsed="0.000428"/>
</kw>
<arg>xpath=//h6[text()='Candidate Profile']</arg>
<arg>Candidate Profile</arg>
<status status="PASS" start="2026-01-11T01:56:48.744207" elapsed="6.258154"/>
</kw>
<arg>${FIRST_NAME}</arg>
<arg>${LAST_NAME}</arg>
<arg>${EMAIL}</arg>
<status status="PASS" start="2026-01-11T01:56:43.959290" elapsed="11.043157"/>
</kw>
<kw name="Close App" owner="Common" type="TEARDOWN">
<kw name="Close Browser" owner="SeleniumLibrary">
<doc>Closes the current browser.</doc>
<status status="PASS" start="2026-01-11T01:56:55.003104" elapsed="0.311451"/>
</kw>
<status status="PASS" start="2026-01-11T01:56:55.002793" elapsed="0.311907"/>
</kw>
<tag>regression</tag>
<status status="PASS" start="2026-01-11T01:56:31.210406" elapsed="24.104419"/>
</test>
<status status="PASS" start="2026-01-11T01:56:05.273501" elapsed="50.041788"/>
</suite>
<status status="PASS" start="2026-01-11T01:54:50.370415" elapsed="124.945503"/>
</suite>
<statistics>
<total>
<stat pass="5" fail="0" skip="0">All Tests</stat>
</total>
<tag>
<stat pass="2" fail="0" skip="0">regression</stat>
<stat pass="3" fail="0" skip="0">smoke</stat>
</tag>
<suite>
<stat name="Tests" id="s1" pass="5" fail="0" skip="0">Tests</stat>
<stat name="Admin" id="s1-s1" pass="1" fail="0" skip="0">Tests.Admin</stat>
<stat name="Pim" id="s1-s2" pass="2" fail="0" skip="0">Tests.Pim</stat>
<stat name="Recruitment" id="s1-s3" pass="2" fail="0" skip="0">Tests.Recruitment</stat>
</suite>
</statistics>
<errors>
</errors>
</robot>
